<?xml version="1.0" encoding="UTF-8"?>
<!-- Generated by org.testng.reporters.JUnitReportReporter -->
<testsuite hostname="dell-pc" name="BTM.DemoB" tests="3" failures="0" timestamp="3 Jul 2017 11:28:46 GMT" time="0.013" errors="0">
  <testcase name="abc" time="0.011" classname="BTM.DemoB"/>
  <testcase name="abc" time="0.001" classname="BTM.DemoB"/>
  <testcase name="abc" time="0.001" classname="BTM.DemoB"/>
</testsuite> <!-- BTM.DemoB -->
