<?xml version="1.0" encoding="UTF-8"?>
<!-- Generated by org.testng.reporters.JUnitReportReporter -->
<testsuite hostname="dell-pc" name="BTM.TestingAssert" tests="2" failures="0" timestamp="3 Jul 2017 13:30:07 GMT" time="0.011" errors="0">
  <testcase name="m3" time="0.001" classname="BTM.TestingAssert"/>
  <testcase name="m2" time="0.010" classname="BTM.TestingAssert"/>
</testsuite> <!-- BTM.TestingAssert -->
