<?xml version="1.0" encoding="UTF-8"?>
<!-- Generated by org.testng.reporters.JUnitReportReporter -->
<testsuite hostname="dell-pc" name="Data_provider_Assert.Testassert" tests="4" failures="0" timestamp="1 Jul 2017 21:22:45 GMT" time="0.020" errors="0">
  <testcase name="m4" time="0.001" classname="Data_provider_Assert.Testassert"/>
  <testcase name="m3" time="0.001" classname="Data_provider_Assert.Testassert"/>
  <testcase name="m2" time="0.001" classname="Data_provider_Assert.Testassert"/>
  <testcase name="m1" time="0.017" classname="Data_provider_Assert.Testassert"/>
</testsuite> <!-- Data_provider_Assert.Testassert -->
