<?xml version="1.0" encoding="UTF-8"?>
<!-- Generated by org.testng.reporters.JUnitReportReporter -->
<testsuite hostname="dell-pc" name="practiceAtHome.CheckAssert" tests="2" failures="0" timestamp="9 Jul 2017 07:49:18 GMT" time="0.016" errors="0">
  <testcase name="m3" time="0.016" classname="practiceAtHome.CheckAssert"/>
  <testcase name="m4" time="0.000" classname="practiceAtHome.CheckAssert"/>
</testsuite> <!-- practiceAtHome.CheckAssert -->
