<?xml version="1.0" encoding="UTF-8"?>
<!-- Generated by org.testng.reporters.JUnitReportReporter -->
<testsuite hostname="dell-pc" name="test_ng_package.A" tests="2" failures="0" timestamp="8 Feb 2016 19:44:00 GMT" time="0.016" errors="0">
  <testcase name="f3" time="0.004" classname="test_ng_package.A"/>
  <testcase name="f2" time="0.012" classname="test_ng_package.A"/>
</testsuite> <!-- test_ng_package.A -->
