<?xml version="1.0" encoding="UTF-8"?>
<!-- Generated by org.testng.reporters.JUnitReportReporter -->
<testsuite hostname="dell-pc" name="qsp.DemoA" tests="2" failures="0" timestamp="23 Jun 2017 19:13:21 GMT" time="0.002" errors="0">
  <testcase name="testA1" time="0.001" classname="qsp.DemoA"/>
  <testcase name="testA2" time="0.001" classname="qsp.DemoA"/>
</testsuite> <!-- qsp.DemoA -->
