<?xml version="1.0" encoding="UTF-8"?>
<!-- Generated by org.testng.reporters.JUnitReportReporter -->
<testsuite hostname="dell-pc" name="Practice1.Demo2" tests="2" failures="0" timestamp="1 Jul 2017 07:20:52 GMT" time="0.004" errors="0">
  <testcase name="m3" time="0.002" classname="Practice1.Demo2"/>
  <testcase name="m4" time="0.002" classname="Practice1.Demo2"/>
</testsuite> <!-- Practice1.Demo2 -->
