<?xml version="1.0" encoding="UTF-8"?>
<!-- Generated by org.testng.reporters.JUnitReportReporter -->
<testsuite hostname="dell-pc" name="Data_provider.DemoA" tests="2" failures="0" timestamp="27 Jun 2017 03:32:21 GMT" time="0.011" errors="0">
  <testcase name="createUser" time="0.009" classname="Data_provider.DemoA"/>
  <testcase name="createUser" time="0.002" classname="Data_provider.DemoA"/>
</testsuite> <!-- Data_provider.DemoA -->
