<?xml version="1.0" encoding="UTF-8"?>
<!-- Generated by org.testng.reporters.JUnitReportReporter -->
<testsuite hostname="dell-pc" name="Practice1.Testassert" tests="1" failures="0" timestamp="2 Jul 2017 07:46:48 GMT" time="0.011" errors="0">
  <testcase name="m1" time="0.011" classname="Practice1.Testassert"/>
</testsuite> <!-- Practice1.Testassert -->
