<?xml version="1.0" encoding="UTF-8"?>
<!-- Generated by org.testng.reporters.JUnitReportReporter -->
<testsuite hostname="dell-pc" name="script.Abc" tests="1" failures="0" timestamp="4 Jul 2017 03:16:13 GMT" time="0.685" errors="0">
  <testcase name="ab" time="0.685" classname="script.Abc"/>
</testsuite> <!-- script.Abc -->
