<?xml version="1.0" encoding="UTF-8"?>
<!-- Generated by org.testng.reporters.JUnitReportReporter -->
<testsuite hostname="dell-pc" name="Data_provider.TestScript" tests="2" failures="0" timestamp="28 Jun 2017 04:19:59 GMT" time="0.015" errors="0">
  <testcase name="testA" time="0.014" classname="Data_provider.TestScript"/>
  <testcase name="testB" time="0.001" classname="Data_provider.TestScript"/>
</testsuite> <!-- Data_provider.TestScript -->
