<?xml version="1.0" encoding="UTF-8"?>
<!-- Generated by org.testng.reporters.JUnitReportReporter -->
<testsuite hostname="dell-pc" name="Data_provider.DemoGroup" tests="2" failures="0" timestamp="28 Jun 2017 03:24:02 GMT" time="0.018" errors="0">
  <testcase name="editUser" time="0.003" classname="Data_provider.DemoGroup"/>
  <testcase name="createUser" time="0.015" classname="Data_provider.DemoGroup"/>
</testsuite> <!-- Data_provider.DemoGroup -->
