<?xml version="1.0" encoding="UTF-8"?>
<!-- Generated by org.testng.reporters.JUnitReportReporter -->
<testsuite hostname="dell-pc" name="BTM.DemoB1" tests="4" failures="0" timestamp="3 Jul 2017 12:11:44 GMT" time="0.013" errors="0">
  <testcase name="retrievedata" time="0.001" classname="BTM.DemoB1"/>
  <testcase name="retrievedata" time="0.010" classname="BTM.DemoB1"/>
  <testcase name="retrievedata" time="0.001" classname="BTM.DemoB1"/>
  <testcase name="retrievedata" time="0.001" classname="BTM.DemoB1"/>
</testsuite> <!-- BTM.DemoB1 -->
