<?xml version="1.0" encoding="UTF-8"?>
<!-- Generated by org.testng.reporters.JUnitReportReporter -->
<testsuite hostname="dell-pc" name="Practice1.Demo1" tests="3" failures="0" timestamp="1 Jul 2017 08:11:47 GMT" time="0.013" errors="0">
  <testcase name="m3" time="0.006" classname="Practice1.Demo1"/>
  <testcase name="m2" time="0.003" classname="Practice1.Demo1"/>
  <testcase name="m4" time="0.004" classname="Practice1.Demo1"/>
</testsuite> <!-- Practice1.Demo1 -->
