<?xml version="1.0" encoding="UTF-8"?>
<!-- Generated by org.testng.reporters.JUnitReportReporter -->
<testsuite hostname="dell-pc" name="qsp.DemoB" tests="1" failures="0" timestamp="23 Jun 2017 19:13:47 GMT" time="0.012" errors="0">
  <testcase name="testDemoB" time="0.012" classname="qsp.DemoB"/>
</testsuite> <!-- qsp.DemoB -->
